[0m13:45:30.538858 [debug] [MainThread]: Sending event: {'category': 'dbt', 'action': 'invocation', 'label': 'start', 'context': [<snowplow_tracker.self_describing_json.SelfDescribingJson object at 0x000001E5B4E3CD70>, <snowplow_tracker.self_describing_json.SelfDescribingJson object at 0x000001E5B5891A90>, <snowplow_tracker.self_describing_json.SelfDescribingJson object at 0x000001E5B6F4BD90>]}


============================== 13:45:30.545283 | 34883686-f1d8-4838-9bfb-e91a2f576d95 ==============================
[0m13:45:30.545283 [info ] [MainThread]: Running with dbt=1.11.8
[0m13:45:30.546445 [debug] [MainThread]: running dbt with arguments {'static_parser': 'True', 'no_print': 'None', 'version_check': 'True', 'target_path': 'None', 'warn_error_options': 'WarnErrorOptionsV2(error=[], warn=[], silence=[])', 'printer_width': '80', 'write_json': 'True', 'empty': 'None', 'log_cache_events': 'False', 'introspect': 'True', 'cache_selected_only': 'False', 'log_format': 'default', 'debug': 'False', 'fail_fast': 'False', 'profiles_dir': 'C:\\Users\\Lakshmi Praba\\.dbt', 'send_anonymous_usage_stats': 'True', 'quiet': 'False', 'warn_error': 'None', 'partial_parse': 'True', 'invocation_command': 'dbt init hr_dbt', 'indirect_selection': 'eager', 'use_colors': 'True', 'use_experimental_parser': 'False', 'log_path': 'logs'}
[0m13:45:30.589682 [debug] [MainThread]: Starter project path: C:\hr-data-engineering-project\venv\Lib\site-packages\dbt\include\starter_project
[0m13:45:30.628699 [info ] [MainThread]: 
Your new dbt project "hr_dbt" was created!

For more information on how to configure the profiles.yml file,
please consult the dbt documentation here:

  https://docs.getdbt.com/docs/configure-your-profile

One more thing:

Need help? Don't hesitate to reach out to us via GitHub issues or on Slack:

  https://community.getdbt.com/

Happy modeling!

[0m13:45:30.629614 [info ] [MainThread]: Setting up your profile.
[0m13:47:17.669561 [info ] [MainThread]: Profile hr_dbt written to C:\Users\Lakshmi Praba\.dbt\profiles.yml using target's profile_template.yml and your supplied values. Run 'dbt debug' to validate the connection.
[0m13:47:17.671662 [debug] [MainThread]: Command `dbt init` succeeded at 13:47:17.671409 after 107.43 seconds
[0m13:47:17.672185 [debug] [MainThread]: Sending event: {'category': 'dbt', 'action': 'invocation', 'label': 'end', 'context': [<snowplow_tracker.self_describing_json.SelfDescribingJson object at 0x000001E5B71315B0>, <snowplow_tracker.self_describing_json.SelfDescribingJson object at 0x000001E5B7141B50>, <snowplow_tracker.self_describing_json.SelfDescribingJson object at 0x000001E5B5E6D9D0>]}
[0m13:47:17.672602 [debug] [MainThread]: Flushing usage events
[0m13:47:19.380202 [debug] [MainThread]: An error was encountered while trying to flush usage events
[0m13:47:38.773689 [debug] [MainThread]: Sending event: {'category': 'dbt', 'action': 'invocation', 'label': 'start', 'context': [<snowplow_tracker.self_describing_json.SelfDescribingJson object at 0x000001C0794DCD70>, <snowplow_tracker.self_describing_json.SelfDescribingJson object at 0x000001C079F35A90>, <snowplow_tracker.self_describing_json.SelfDescribingJson object at 0x000001C07B5EBD90>]}


============================== 13:47:38.780696 | 55f9390b-7346-4716-976d-a12d1d775fc1 ==============================
[0m13:47:38.780696 [info ] [MainThread]: Running with dbt=1.11.8
[0m13:47:38.781922 [debug] [MainThread]: running dbt with arguments {'version_check': 'True', 'no_print': 'None', 'static_parser': 'True', 'warn_error_options': 'WarnErrorOptionsV2(error=[], warn=[], silence=[])', 'target_path': 'None', 'printer_width': '80', 'write_json': 'True', 'introspect': 'True', 'log_cache_events': 'False', 'empty': 'None', 'cache_selected_only': 'False', 'log_format': 'default', 'debug': 'False', 'fail_fast': 'False', 'partial_parse': 'True', 'send_anonymous_usage_stats': 'True', 'quiet': 'False', 'warn_error': 'None', 'profiles_dir': 'C:\\Users\\Lakshmi Praba\\.dbt', 'invocation_command': 'dbt debug', 'indirect_selection': 'eager', 'use_colors': 'True', 'use_experimental_parser': 'False', 'log_path': 'logs'}
[0m13:47:38.828806 [info ] [MainThread]: dbt version: 1.11.8
[0m13:47:38.830136 [info ] [MainThread]: python version: 3.13.2
[0m13:47:38.831373 [info ] [MainThread]: python path: C:\hr-data-engineering-project\venv\Scripts\python.exe
[0m13:47:38.832672 [info ] [MainThread]: os info: Windows-11-10.0.26200-SP0
[0m13:47:38.842343 [info ] [MainThread]: Error importing adapter: No module named 'dbt.adapters.snowflake'
[0m13:47:38.929765 [info ] [MainThread]: Using profiles dir at C:\Users\Lakshmi Praba\.dbt
[0m13:47:38.930867 [info ] [MainThread]: Using profiles.yml file at C:\Users\Lakshmi Praba\.dbt\profiles.yml
[0m13:47:38.931995 [info ] [MainThread]: Using dbt_project.yml file at C:\hr-data-engineering-project\06_dbt\dbt_project.yml
[0m13:47:38.933050 [info ] [MainThread]: Configuration:
[0m13:47:38.934023 [info ] [MainThread]:   profiles.yml file [[31mERROR invalid[0m]
[0m13:47:38.935277 [info ] [MainThread]:   dbt_project.yml file [[31mERROR not found[0m]
[0m13:47:38.936691 [info ] [MainThread]: Required dependencies:
[0m13:47:38.938695 [debug] [MainThread]: Executing "git --help"
[0m13:47:39.008983 [debug] [MainThread]: STDOUT: "b"usage: git [-v | --version] [-h | --help] [-C <path>] [-c <name>=<value>]\n           [--exec-path[=<path>]] [--html-path] [--man-path] [--info-path]\n           [-p | --paginate | -P | --no-pager] [--no-replace-objects] [--no-lazy-fetch]\n           [--no-optional-locks] [--no-advice] [--bare] [--git-dir=<path>]\n           [--work-tree=<path>] [--namespace=<name>] [--config-env=<name>=<envvar>]\n           <command> [<args>]\n\nThese are common Git commands used in various situations:\n\nstart a working area (see also: git help tutorial)\n   clone      Clone a repository into a new directory\n   init       Create an empty Git repository or reinitialize an existing one\n\nwork on the current change (see also: git help everyday)\n   add        Add file contents to the index\n   mv         Move or rename a file, a directory, or a symlink\n   restore    Restore working tree files\n   rm         Remove files from the working tree and from the index\n\nexamine the history and state (see also: git help revisions)\n   bisect     Use binary search to find the commit that introduced a bug\n   diff       Show changes between commits, commit and working tree, etc\n   grep       Print lines matching a pattern\n   log        Show commit logs\n   show       Show various types of objects\n   status     Show the working tree status\n\ngrow, mark and tweak your common history\n   backfill   Download missing objects in a partial clone\n   branch     List, create, or delete branches\n   commit     Record changes to the repository\n   merge      Join two or more development histories together\n   rebase     Reapply commits on top of another base tip\n   reset      Set `HEAD` or the index to a known state\n   switch     Switch branches\n   tag        Create, list, delete or verify tags\n\ncollaborate (see also: git help workflows)\n   fetch      Download objects and refs from another repository\n   pull       Fetch from and integrate with another repository or a local branch\n   push       Update remote refs along with associated objects\n\n'git help -a' and 'git help -g' list available subcommands and some\nconcept guides. See 'git help <command>' or 'git help <concept>'\nto read about a specific subcommand or concept.\nSee 'git help git' for an overview of the system.\n""
[0m13:47:39.009800 [debug] [MainThread]: STDERR: "b''"
[0m13:47:39.010801 [info ] [MainThread]:  - git [[32mOK found[0m]

[0m13:47:39.011798 [info ] [MainThread]: Connection test skipped since no profile was found
[0m13:47:39.012498 [info ] [MainThread]: [31m2 checks failed:[0m
[0m13:47:39.013274 [info ] [MainThread]: Could not load dbt_project.yml
Profile loading failed for the following reason:
Runtime Error
  Credentials in profile "dbt_retail", target "dev" invalid: Runtime Error
    Could not find adapter type snowflake!


[0m13:47:39.015301 [info ] [MainThread]: Project loading failed for the following reason:
 project path <C:\hr-data-engineering-project\06_dbt\dbt_project.yml> not found

[0m13:47:39.017677 [debug] [MainThread]: Command `dbt debug` failed at 13:47:39.017410 after 0.42 seconds
[0m13:47:39.018344 [debug] [MainThread]: Sending event: {'category': 'dbt', 'action': 'invocation', 'label': 'end', 'context': [<snowplow_tracker.self_describing_json.SelfDescribingJson object at 0x000001C07B7C22C0>, <snowplow_tracker.self_describing_json.SelfDescribingJson object at 0x000001C07B7CF890>, <snowplow_tracker.self_describing_json.SelfDescribingJson object at 0x000001C07B7D4380>]}
[0m13:47:39.019095 [debug] [MainThread]: Flushing usage events
[0m13:47:40.574416 [debug] [MainThread]: An error was encountered while trying to flush usage events
